<proceso,4,1>
<id,promedio,4,9>
<definir,6,5>
<id,i,6,13>
<token_coma,6,14>
<id,n,6,15>
<como,6,17>
<entero,6,22>
<token_pyc,6,28>
<definir,7,5>
<id,acum,7,13>
<token_coma,7,17>
<id,dato,7,18>
<token_coma,7,22>
<id,prom,7,23>
<como,7,28>
<id,reales,7,33>
<token_pyc,7,39>
<escribir,8,5>
<token_cadena,ingrese la cantidad de datos:,8,14>
<token_pyc,8,45>
<leer,9,5>
<id,n,9,10>
<token_pyc,9,11>
<id,acum,11,5>
<token_asig,11,9>
<token_entero,0,11,11>
<token_pyc,11,12>
<para,13,5>
<id,i,13,10>
<token_asig,13,11>
<token_entero,1,13,13>
<hasta,13,15>
<id,n,13,21>
<hacer,13,23>
<escribir,14,9>
<token_cadena,ingrese el dato ,14,18>
<token_coma,14,36>
<id,i,14,37>
<token_coma,14,38>
<token_cadena,:,14,39>
<token_pyc,14,42>
<leer,15,9>
<id,dato,15,14>
<token_pyc,15,18>
<id,acum,16,9>
<token_asig,16,13>
<id,acum,16,15>
<token_mas,16,19>
<id,dato,16,20>
<token_pyc,16,24>
<finpara,17,5>
<id,prom,19,5>
<token_asig,19,9>
<id,acum,19,11>
<token_div,19,15>
<id,n,19,16>
<token_pyc,19,17>
<escribir,21,5>
<token_cadena,el promedio es: ,21,14>
<token_coma,21,32>
<id,prom,21,33>
<token_pyc,21,37>
<finproceso,23,1>
<proceso,26,1>
<id,mi_proceso,26,9>
<definir,28,5>
>>> Error lexico (linea: 28, posicion: 13)
