<proceso,1,1>
<id,sin_titulo,1,9>
<definir,2,5>
<id,i,2,13>
<token_coma,2,14>
<id,j,2,15>
<como,2,17>
<entero,2,22>
<token_pyc,2,28>
<definir,3,5>
<id,esprimo,3,13>
<como,3,21>
<logico,3,26>
<token_pyc,3,32>
<para,4,5>
<id,i,4,10>
<token_asig,4,11>
<token_entero,0,4,13>
<hasta,4,15>
<token_entero,10,4,21>
<con,4,24>
<paso,4,28>
<token_entero,1,4,33>
<hacer,4,35>
<si,5,9>
<id,i,5,12>
<token_mod,5,14>
<token_entero,2,5,18>
<token_igual,5,20>
<token_entero,1,5,22>
<entonces,5,24>
<escribir,6,13>
<id,i,6,22>
<token_coma,6,23>
<token_cadena, ES IMPAR,6,24>
<token_pyc,6,35>
<sino,7,9>
<escribir,8,13>
<id,i,8,22>
<token_coma,8,23>
<token_cadena, ES PAR,8,24>
<token_pyc,8,33>
<finsi,9,9>
<finpara,10,5>
<para,12,5>
<id,i,12,10>
<token_asig,12,11>
<token_entero,2,12,13>
<hasta,12,15>
<token_entero,100,12,21>
<con,12,25>
<paso,12,29>
<token_entero,1,12,34>
<hacer,12,36>
<id,esprimo,13,9>
<token_asig,13,17>
<verdadero,13,20>
<token_pyc,13,29>
<id,j,14,9>
<token_asig,14,10>
<token_entero,2,14,12>
<token_pyc,14,13>
<mientras,15,9>
<id,j,15,18>
<token_mul,15,19>
<id,j,15,20>
<token_menor_igual,15,21>
<id,i,15,23>
<hacer,15,25>
<si,16,13>
<id,i,16,16>
<token_mod,16,18>
<id,j,16,22>
<token_igual,16,24>
<token_entero,0,16,26>
<entonces,16,28>
<id,esprimo,17,17>
<token_asig,17,25>
<falso,17,28>
<token_pyc,17,33>
<finsi,18,13>
<id,j,19,13>
<token_asig,19,15>
<id,j,19,18>
<token_mas,19,19>
<token_entero,1,19,20>
<token_pyc,19,21>
<finmientras,20,9>
<si,22,9>
<id,esprimo,22,12>
<entonces,22,20>
<escribir,23,13>
<id,i,23,22>
<token_coma,23,23>
<token_cadena, ES PRIMO,23,24>
<token_pyc,23,35>
<finsi,24,9>
<finpara,25,5>
<finproceso,27,1>
