<id,Proceso,1,1>
<id,sin_titulo,1,9>
<id,Definir,2,5>
<id,i,2,13>
<token_coma,2,14>
<id,j,2,15>
<id,Como,2,17>
<id,Entero,2,22>
<token_pyc,2,28>
<id,Definir,3,5>
<id,esPrimo,3,13>
<id,Como,3,21>
<id,Logico,3,26>
<token_pyc,3,32>
<id,Para,4,5>
<id,i,4,10>
<token_asig,4,11>
<token_entero,0,4,13>
<id,Hasta,4,15>
<token_entero,10,4,21>
<id,Con,4,24>
<id,Paso,4,28>
<token_entero,1,4,33>
<id,Hacer,4,35>
<si,5,9>
<id,i,5,12>
<token_mod,5,14>
<token_entero,2,5,18>
<token_igual,5,20>
<token_entero,1,5,22>
<id,Entonces,5,24>
<id,Escribir,6,13>
<id,i,6,22>
<token_coma,6,23>
<token_cadena, ES IMPAR,6,24>
<token_pyc,6,35>
<sino,7,9>
<id,Escribir,8,13>
<id,i,8,22>
<token_coma,8,23>
<token_cadena, ES PAR,8,24>
<token_pyc,8,33>
<id,FinSi,9,9>
<id,FinPara,10,5>
<id,Para,12,5>
<id,i,12,10>
<token_asig,12,11>
<token_entero,2,12,13>
<id,Hasta,12,15>
<token_entero,100,12,21>
<id,Con,12,25>
<id,Paso,12,29>
<token_entero,1,12,34>
<id,Hacer,12,36>
<id,esPrimo,13,9>
<token_asig,13,17>
<id,Verdadero,13,20>
<token_pyc,13,29>
<id,j,14,9>
<token_asig,14,10>
<token_entero,2,14,12>
<token_pyc,14,13>
<id,Mientras,15,9>
<id,j,15,18>
<token_mul,15,19>
<id,j,15,20>
<token_menor_igual,15,21>
<id,i,15,23>
<id,Hacer,15,25>
<si,16,13>
<id,i,16,16>
<token_mod,16,18>
<id,j,16,22>
<token_igual,16,24>
<token_entero,0,16,26>
<id,Entonces,16,28>
<id,esPrimo,17,17>
<token_asig,17,25>
<falso,17,28>
<token_pyc,17,33>
<id,FinSi,18,13>
<id,j,19,13>
<token_asig,19,15>
<id,j,19,18>
<token_mas,19,19>
<token_entero,1,19,20>
<token_pyc,19,21>
<id,FinMientras,20,9>
<si,22,9>
<id,esPrimo,22,12>
<id,Entonces,22,20>
<id,Escribir,23,13>
<id,i,23,22>
<token_coma,23,23>
<token_cadena, ES PRIMO,23,24>
<token_pyc,23,35>
<id,FinSi,24,9>
<id,FinPara,25,5>
<id,FinProceso,27,1>
