<id,Proceso,4,1>
<id,Suma,4,9>
<id,Definir,6,5>
<id,A,6,13>
<token_coma,6,14>
<id,B,6,15>
<token_coma,6,16>
<id,C,6,17>
<como,6,19>
<id,Reales,6,24>
<token_pyc,6,30>
<id,Escribir,13,5>
<token_cadena,Ingrese el primer numero:,13,14>
<token_pyc,13,41>
<id,Leer,14,5>
<id,A,14,10>
<token_pyc,14,11>
<id,Escribir,16,5>
<token_cadena,Ingrese el segundo numero:,16,14>
<token_pyc,16,42>
<id,Leer,17,5>
<id,B,17,10>
<token_pyc,17,11>
<id,C,23,5>
<token_asig,23,7>
<id,A,23,10>
<token_mas,23,11>
<id,B,23,12>
<token_pyc,23,13>
<id,Escribir,30,5>
<token_cadena,El resultado es: ,30,14>
<token_coma,30,33>
<id,C,30,34>
<token_pyc,30,35>
<id,FinProceso,32,1>
>>> Error lexico (linea: 36, posicion: 1)
