<id,Algoritmo,2,1>
<id,sin_titulo,2,11>
<id,Definir,3,5>
<id,c,3,13>
<token_coma,3,14>
<id,x,3,15>
<id,Como,3,17>
<id,Entero,3,22>
<token_pyc,3,28>
<id,Escribir,5,5>
<token_cadena,Intenta adivinar el numero entre 1 y 10,5,14>
<token_pyc,5,55>
<id,c,6,5>
<token_asig,6,7>
<token_entero,3,6,10>
<token_pyc,6,11>
<id,Repetir,8,5>
<id,Leer,9,9>
<id,x,9,14>
<token_pyc,9,15>
<id,Hasta,10,5>
<id,Que,10,11>
<id,x,10,15>
<token_igual,10,16>
<id,c,10,17>
<token_pyc,10,18>
<id,Escribir,12,5>
<token_cadena,Bien hecho!,12,14>
<token_pyc,12,27>
<id,FinAlgoritmo,13,1>
<id,Algoritmo,16,1>
<id,sin_titulo,16,11>
<id,Definir,17,5>
<id,c,17,13>
<token_coma,17,14>
<id,x,17,15>
<id,Como,17,17>
<id,Entero,17,22>
<token_pyc,17,28>
<id,Escribir,19,5>
<token_cadena,Intenta adivinar el numero entre 1 y 10,19,14>
<token_pyc,19,55>
<id,c,20,5>
<token_asig,20,7>
<token_entero,3,20,10>
<token_pyc,20,11>
<id,Repetir,22,5>
<id,Leer,23,9>
<id,x,23,14>
<token_pyc,23,15>
<id,Hasta,24,5>
<id,Que,24,11>
<id,x,24,15>
<token_igual,24,16>
<id,c,24,17>
<token_pyc,24,18>
<id,Escribir,26,5>
<token_cadena,Bien hecho!,26,14>
<token_pyc,26,27>
<id,FinAlgoritmo,27,1>
