<id,Proceso,1,1>
<id,mi_proceso,1,9>
<id,Definir,3,5>
<id,a,3,13>
<id,Como,3,15>
<id,Entero,3,20>
<token_pyc,3,26>
<id,Leer,4,5>
<id,a,4,10>
<token_pyc,4,11>
<id,Definir,6,5>
<id,c,6,13>
<id,Como,6,15>
<id,Entero,6,20>
<token_pyc,6,26>
<id,c,7,5>
<token_asig,7,7>
<token_entero,12,7,10>
<token_mul,7,12>
<token_entero,3,7,13>
<token_pyc,7,14>
<segun,9,5>
<id,a,9,11>
<hacer,9,13>
<id,c,10,9>
<token_dosp,10,10>
<id,Escribir,11,13>
<token_cadena,Treinta y seis,11,22>
<token_pyc,11,38>
<token_entero,2,12,9>
<token_dosp,12,10>
<id,Escribir,13,13>
<token_cadena,Dos,13,22>
<token_pyc,13,27>
<token_entero,48,14,9>
<token_div,14,11>
<token_entero,6,14,12>
<token_dosp,14,13>
<id,Escribir,15,13>
<token_cadena,Ocho,15,22>
<token_pyc,15,28>
<id,De,16,9>
<id,Otro,16,12>
<id,Modo,16,17>
<token_dosp,16,21>
<id,Escribir,17,13>
<token_cadena,Opcion no valida,17,22>
<token_pyc,17,40>
<id,FinSegun,18,5>
<id,FinProceso,20,1>
<id,Proceso,24,1>
<id,sin_titulo,24,9>
<id,Definir,25,5>
<id,OP,25,13>
<id,Como,25,16>
<id,Entero,25,21>
<token_pyc,25,27>
<id,Repetir,26,5>
<id,Limpiar,28,9>
<id,Pantalla,28,17>
<token_pyc,28,25>
<id,Escribir,29,9>
<token_cadena,Menu de recomendaciones,29,18>
<token_pyc,29,43>
<id,Escribir,30,9>
<token_cadena,   1. Literatura,30,18>
<token_pyc,30,36>
<id,Escribir,31,9>
<token_cadena,   2. Cine,31,18>
<token_pyc,31,30>
<id,Escribir,32,9>
<token_cadena,   3. Musica,32,18>
<token_pyc,32,32>
<id,Escribir,33,9>
<token_cadena,   4. Videojuegos,33,18>
<token_pyc,33,37>
<id,Escribir,34,9>
<token_cadena,   5. Salir,34,18>
<token_pyc,34,31>
<id,Escribir,36,9>
<token_cadena,Elija una opcion (1-5): ,36,18>
<token_pyc,36,44>
<id,Leer,37,9>
<id,OP,37,14>
<token_pyc,37,16>
<id,Segun,39,9>
<id,OP,39,15>
<id,Hacer,39,18>
<token_entero,1,40,13>
<token_dosp,40,14>
<id,Escribir,41,17>
<token_cadena,Lecturas recomendables:,41,26>
<token_pyc,41,51>
<id,Escribir,42,17>
<token_cadena, + Esperandolo a Tito y otros cuentos de fubol (Eduardo Sacheri),42,26>
<token_pyc,42,92>
<id,Escribir,43,17>
<token_cadena, + El juego de Ender (Orson Scott Card),43,26>
<token_pyc,43,67>
<id,Escribir,44,17>
<token_cadena, + El sueno de los heroes (Adolfo Bioy Casares),44,26>
<token_pyc,44,75>
<token_entero,2,45,13>
<token_dosp,45,14>
<id,Escribir,46,17>
<token_cadena,Peliculas recomendables:,46,26>
<token_pyc,46,52>
<id,Escribir,47,17>
<token_cadena, + Matrix (1999),47,26>
<token_pyc,47,44>
<id,Escribir,48,17>
<token_cadena, + El ultimo samuray (2003),48,26>
<token_pyc,48,55>
<id,Escribir,49,17>
<token_cadena, + Cars (2006),49,26>
<token_pyc,49,42>
<token_entero,3,50,13>
<token_dosp,50,14>
<id,Escribir,51,17>
<token_cadena,Discos recomendables:,51,26>
<token_pyc,51,49>
<id,Escribir,52,17>
<token_cadena, + Despedazado por mil partes (La Renga, 1996),52,26>
<token_pyc,52,74>
<id,Escribir,53,17>
<token_cadena, + Bufalo (La Mississippi, 2008),53,26>
<token_pyc,53,60>
<id,Escribir,54,17>
<token_cadena, + Gaia (Mago de Oz, 2003),54,26>
<token_pyc,54,54>
<token_entero,4,55,13>
<token_dosp,55,14>
<id,Escribir,56,17>
<token_cadena,Videojuegos clasicos recomendables,56,26>
<token_pyc,56,62>
<id,Escribir,57,17>
<token_cadena, + Dia del tentaculo (LucasArts, 1993),57,26>
<token_pyc,57,66>
<id,Escribir,58,17>
<token_cadena, + Terminal Velocity (Terminal Reality/3D Realms, 1995),58,26>
<token_pyc,58,83>
<id,Escribir,59,17>
<token_cadena, + Death Rally (Remedy/Apogee, 1996),59,26>
<token_pyc,59,64>
<token_entero,5,60,13>
<token_dosp,60,14>
<id,Escribir,61,17>
<token_cadena,Gracias, vuelva prontos,61,26>
<token_pyc,61,51>
<id,De,62,13>
<otro,62,16>
<modo,62,21>
<token_dosp,62,25>
>>> Error lexico (linea: 63, posicion: 1)
